#
# There is insufficient memory for the Java Runtime Environment to continue.
# Native memory allocation (mmap) failed to map 134217728 bytes for G1 virtual space
# Possible reasons:
#   The system is out of physical RAM or swap space
#   The process is running with CompressedOops enabled, and the Java Heap may be blocking the growth of the native heap
# Possible solutions:
#   Reduce memory load on the system
#   Increase physical memory or swap space
#   Check if swap backing store is full
#   Decrease Java heap size (-Xmx/-Xms)
#   Decrease number of Java threads
#   Decrease Java thread stack sizes (-Xss)
#   Set larger code cache with -XX:ReservedCodeCacheSize=
#   JVM is running with Unscaled Compressed Oops mode in which the Java heap is
#     placed in the first 4GB address space. The Java Heap base address is the
#     maximum limit for the native heap growth. Please use -XX:HeapBaseMinAddress
#     to set the Java Heap base and to place the Java Heap above 4GB virtual address.
# This output file may be truncated or incomplete.
#
#  Out of Memory Error (os_windows.cpp:3469), pid=33088, tid=24780
#
# JRE version:  (17.0.1+12) (build )
# Java VM: Java HotSpot(TM) 64-Bit Server VM (17.0.1+12-LTS-39, mixed mode, sharing, tiered, compressed oops, compressed class ptrs, g1 gc, windows-amd64)
# No core dump will be written. Minidumps are not enabled by default on client versions of Windows
#

---------------  S U M M A R Y ------------

Command Line: -javaagent:C:\Program Files\JetBrains\IntelliJ IDEA Community Edition 2021.2.3\lib\idea_rt.jar=49842:C:\Program Files\JetBrains\IntelliJ IDEA Community Edition 2021.2.3\bin -Dfile.encoding=UTF-8 login.Login_Page

Host: Intel(R) Core(TM) i5-8250U CPU @ 1.60GHz, 8 cores, 7G,  Windows 10 , 64 bit Build 22000 (10.0.22000.434)
Time: Sun Feb 13 10:59:10 2022 Nepal Standard Time elapsed time: 0.025861 seconds (0d 0h 0m 0s)

---------------  T H R E A D  ---------------

Current thread (0x000001f2d7b3f410):  JavaThread "Unknown thread" [_thread_in_vm, id=24780, stack(0x0000004c6fc00000,0x0000004c6fd00000)]

Stack: [0x0000004c6fc00000,0x0000004c6fd00000]
Native frames: (J=compiled Java code, j=interpreted, Vv=VM code, C=native code)
V  [jvm.dll+0x66fa1a]
V  [jvm.dll+0x7ce5a4]
V  [jvm.dll+0x7cfd4e]
V  [jvm.dll+0x7d03b3]
V  [jvm.dll+0x242b05]
V  [jvm.dll+0x66ca39]
V  [jvm.dll+0x661502]
V  [jvm.dll+0x30081b]
V  [jvm.dll+0x307da6]
V  [jvm.dll+0x357a1e]
V  [jvm.dll+0x357c4f]
V  [jvm.dll+0x2d7ad8]
V  [jvm.dll+0x2d8a44]
V  [jvm.dll+0x7a01e1]
V  [jvm.dll+0x365791]
V  [jvm.dll+0x77f6cc]
V  [jvm.dll+0x3e812f]
V  [jvm.dll+0x3e9bd1]
C  [jli.dll+0x527b]
C  [ucrtbase.dll+0x26c0c]
C  [KERNEL32.DLL+0x154e0]
C  [ntdll.dll+0x485b]


---------------  P R O C E S S  ---------------

Threads class SMR info:
_java_thread_list=0x00007ff8ec117818, length=0, elements={
}

Java Threads: ( => current thread )

Other Threads:
  0x000001f2d7b7fd30 GCTaskThread "GC Thread#0" [stack: 0x0000004c6fd00000,0x0000004c6fe00000] [id=29952]
  0x000001f2d7b907f0 ConcurrentGCThread "G1 Main Marker" [stack: 0x0000004c6fe00000,0x0000004c6ff00000] [id=23272]
  0x000001f2d7b91100 ConcurrentGCThread "G1 Conc#0" [stack: 0x0000004c6ff00000,0x0000004c70000000] [id=2844]

[error occurred during error reporting (printing all threads), id 0xc0000005, EXCEPTION_ACCESS_VIOLATION (0xc0000005) at pc=0x00007ff8eb9684b7]

VM state: not at safepoint (not fully initialized)

VM Mutex/Monitor currently owned by a thread:  ([mutex/lock_event])
[0x000001f2d7b3bff0] Heap_lock - owner thread: 0x000001f2d7b3f410

Heap address: 0x0000000081c00000, size: 2020 MB, Compressed Oops mode: 32-bit

CDS archive(s) mapped at: [0x0000000000000000-0x0000000000000000-0x0000000000000000), size 0, SharedBaseAddress: 0x0000000800000000, ArchiveRelocationMode: 0.
Narrow klass base: 0x0000000000000000, Narrow klass shift: 0, Narrow klass range: 0x0

GC Precious Log:
<Empty>

Heap:
 garbage-first heap   total 0K, used 0K [0x0000000081c00000, 0x0000000100000000)
  region size 1024K, 0 young (0K), 0 survivors (0K)

[error occurred during error reporting (printing heap information), id 0xc0000005, EXCEPTION_ACCESS_VIOLATION (0xc0000005) at pc=0x00007ff8ebd48d89]

GC Heap History (0 events):
No events

Deoptimization events (0 events):
No events

Classes unloaded (0 events):
No events

Classes redefined (0 events):
No events

Internal exceptions (0 events):
No events

VM Operations (0 events):
No events

Events (1 events):
Event: 0.016 Loaded shared library C:\Program Files\Java\jdk-17.0.1\bin\java.dll


Dynamic libraries:
0x00007ff604ed0000 - 0x00007ff604ee0000 	C:\Program Files\Java\jdk-17.0.1\bin\java.exe
0x00007ff9378c0000 - 0x00007ff937ac7000 	C:\WINDOWS\SYSTEM32\ntdll.dll
0x00007ff936bd0000 - 0x00007ff936c8d000 	C:\WINDOWS\System32\KERNEL32.DLL
0x00007ff934d80000 - 0x00007ff9350f4000 	C:\WINDOWS\System32\KERNELBASE.dll
0x00007ff9352f0000 - 0x00007ff935401000 	C:\WINDOWS\System32\ucrtbase.dll
0x00007ff931720000 - 0x00007ff93173a000 	C:\Program Files\Java\jdk-17.0.1\bin\VCRUNTIME140.dll
0x00007ff932070000 - 0x00007ff932088000 	C:\Program Files\Java\jdk-17.0.1\bin\jli.dll
0x00007ff936d50000 - 0x00007ff936dfe000 	C:\WINDOWS\System32\ADVAPI32.dll
0x00007ff936730000 - 0x00007ff9367d3000 	C:\WINDOWS\System32\msvcrt.dll
0x00007ff936c90000 - 0x00007ff936d2e000 	C:\WINDOWS\System32\sechost.dll
0x00007ff9372d0000 - 0x00007ff9373f0000 	C:\WINDOWS\System32\RPCRT4.dll
0x00007ff9375f0000 - 0x00007ff93779c000 	C:\WINDOWS\System32\USER32.dll
0x00007ff923530000 - 0x00007ff9237d5000 	C:\WINDOWS\WinSxS\amd64_microsoft.windows.common-controls_6595b64144ccf1df_6.0.22000.120_none_9d947278b86cc467\COMCTL32.dll
0x00007ff935700000 - 0x00007ff935726000 	C:\WINDOWS\System32\win32u.dll
0x00007ff9369c0000 - 0x00007ff9369e9000 	C:\WINDOWS\System32\GDI32.dll
0x00007ff935540000 - 0x00007ff935652000 	C:\WINDOWS\System32\gdi32full.dll
0x00007ff935660000 - 0x00007ff9356fd000 	C:\WINDOWS\System32\msvcp_win.dll
0x00007ff92e3c0000 - 0x00007ff92e3ca000 	C:\WINDOWS\SYSTEM32\VERSION.dll
0x00007ff9377a0000 - 0x00007ff9377d1000 	C:\WINDOWS\System32\IMM32.DLL
0x00007ff932040000 - 0x00007ff93204c000 	C:\Program Files\Java\jdk-17.0.1\bin\vcruntime140_1.dll
0x00007ff929180000 - 0x00007ff92920d000 	C:\Program Files\Java\jdk-17.0.1\bin\msvcp140.dll
0x00007ff8eb680000 - 0x00007ff8ec23e000 	C:\Program Files\Java\jdk-17.0.1\bin\server\jvm.dll
0x00007ff935730000 - 0x00007ff935738000 	C:\WINDOWS\System32\PSAPI.DLL
0x00007ff927c90000 - 0x00007ff927c99000 	C:\WINDOWS\SYSTEM32\WSOCK32.dll
0x00007ff92f290000 - 0x00007ff92f2c3000 	C:\WINDOWS\SYSTEM32\WINMM.dll
0x00007ff9377e0000 - 0x00007ff93784f000 	C:\WINDOWS\System32\WS2_32.dll
0x00007ff933e50000 - 0x00007ff933e68000 	C:\WINDOWS\SYSTEM32\kernel.appcore.dll
0x00007ff9317e0000 - 0x00007ff9317ea000 	C:\Program Files\Java\jdk-17.0.1\bin\jimage.dll
0x00007ff9302c0000 - 0x00007ff9304e1000 	C:\WINDOWS\SYSTEM32\DBGHELP.DLL
0x00007ff92d460000 - 0x00007ff92d491000 	C:\WINDOWS\SYSTEM32\dbgcore.DLL
0x00007ff935270000 - 0x00007ff9352ef000 	C:\WINDOWS\System32\bcryptPrimitives.dll
0x00007ff931670000 - 0x00007ff93167e000 	C:\Program Files\Java\jdk-17.0.1\bin\instrument.dll
0x00007ff92cde0000 - 0x00007ff92ce05000 	C:\Program Files\Java\jdk-17.0.1\bin\java.dll

dbghelp: loaded successfully - version: 4.0.5 - missing functions: none
symbol engine: initialized successfully - sym options: 0x614 - pdb path: .;C:\Program Files\Java\jdk-17.0.1\bin;C:\WINDOWS\SYSTEM32;C:\WINDOWS\WinSxS\amd64_microsoft.windows.common-controls_6595b64144ccf1df_6.0.22000.120_none_9d947278b86cc467;C:\Program Files\Java\jdk-17.0.1\bin\server

VM Arguments:
jvm_args: -javaagent:C:\Program Files\JetBrains\IntelliJ IDEA Community Edition 2021.2.3\lib\idea_rt.jar=49842:C:\Program Files\JetBrains\IntelliJ IDEA Community Edition 2021.2.3\bin -Dfile.encoding=UTF-8 
java_command: login.Login_Page
java_class_path (initial): C:\Users\Binod\Desktop\LED Project\out\production\attendance_m_s;C:\Users\Binod\Desktop\New folder\calender\lib\jcalendar-1.4.jar;C:\Users\Binod\Desktop\New folder\mysql-connector-java-8.0.27\mysql-connector-java-8.0.27.jar
Launcher Type: SUN_STANDARD

[Global flags]
     intx CICompilerCount                          = 4                                         {product} {ergonomic}
     uint ConcGCThreads                            = 2                                         {product} {ergonomic}
     uint G1ConcRefinementThreads                  = 8                                         {product} {ergonomic}
   size_t G1HeapRegionSize                         = 1048576                                   {product} {ergonomic}
    uintx GCDrainStackTargetSize                   = 64                                        {product} {ergonomic}
   size_t InitialHeapSize                          = 134217728                                 {product} {ergonomic}
   size_t MarkStackSize                            = 4194304                                   {product} {ergonomic}
   size_t MaxHeapSize                              = 2118123520                                {product} {ergonomic}
   size_t MinHeapDeltaBytes                        = 1048576                                   {product} {ergonomic}
   size_t MinHeapSize                              = 8388608                                   {product} {ergonomic}
    uintx NonNMethodCodeHeapSize                   = 5839372                                {pd product} {ergonomic}
    uintx NonProfiledCodeHeapSize                  = 122909434                              {pd product} {ergonomic}
    uintx ProfiledCodeHeapSize                     = 122909434                              {pd product} {ergonomic}
    uintx ReservedCodeCacheSize                    = 251658240                              {pd product} {ergonomic}
     bool SegmentedCodeCache                       = true                                      {product} {ergonomic}
   size_t SoftMaxHeapSize                          = 2118123520                             {manageable} {ergonomic}
     bool UseCompressedClassPointers               = true                           {product lp64_product} {ergonomic}
     bool UseCompressedOops                        = true                           {product lp64_product} {ergonomic}
     bool UseG1GC                                  = true                                      {product} {ergonomic}
     bool UseLargePagesIndividualAllocation        = false                                  {pd product} {ergonomic}

Logging:
Log output configuration:
 #0: stdout all=warning uptime,level,tags
 #1: stderr all=off uptime,level,tags

Environment Variables:
PATH=C:\Program Files\Common Files\Oracle\Java\javapath;C:\Program Files (x86)\Intel\iCLS Client\;C:\Program Files\Intel\iCLS Client\;C:\Windows\system32;C:\Windows;C:\Windows\System32\Wbem;C:\Windows\System32\WindowsPowerShell\v1.0\;C:\Windows\System32\OpenSSH\;C:\Program Files\Intel\WiFi\bin\;C:\Program Files\Common Files\Intel\WirelessCommon\;C:\Program Files (x86)\Intel\Intel(R) Management Engine Components\DAL;C:\Program Files\Intel\Intel(R) Management Engine Components\DAL;C:\Program Files (x86)\Intel\Intel(R) Management Engine Components\IPT;C:\Program Files\Intel\Intel(R) Management Engine Components\IPT;C:\Program Files (x86)\NVIDIA Corporation\PhysX\Common;C:\WINDOWS\system32;C:\WINDOWS;C:\WINDOWS\System32\Wbem;C:\WINDOWS\System32\WindowsPowerShell\v1.0\;C:\WINDOWS\System32\OpenSSH\;C:\Program Files\NVIDIA Corporation\NVIDIA NvDLISR;C:\Android;C:\Program Files\Git\cmd;C:\Program Files\MySQL\MySQL Shell 8.0\bin\;C:\Users\Binod\AppData\Local\Microsoft\WindowsApps;;C:\Users\Binod\AppData\Local\Programs\Microsoft VS Code\bin
USERNAME=Binod
OS=Windows_NT
PROCESSOR_IDENTIFIER=Intel64 Family 6 Model 142 Stepping 10, GenuineIntel



---------------  S Y S T E M  ---------------

OS:
 Windows 10 , 64 bit Build 22000 (10.0.22000.434)
OS uptime: 22 days 18:13 hours
Hyper-V role detected

CPU: total 8 (initial active 8) (4 cores per cpu, 2 threads per core) family 6 model 142 stepping 10 microcode 0xe0, cx8, cmov, fxsr, ht, mmx, 3dnowpref, sse, sse2, sse3, ssse3, sse4.1, sse4.2, popcnt, lzcnt, tsc, tscinvbit, avx, avx2, aes, erms, clmul, bmi1, bmi2, adx, fma, vzeroupper, clflush, clflushopt, hv

Memory: 4k page, system-wide physical 8078M (1178M free)
TotalPageFile size 32654M (AvailPageFile size 10M)
current process WorkingSet (physical memory assigned to process): 10M, peak: 10M
current process commit charge ("private bytes"): 60M, peak: 188M

vm_info: Java HotSpot(TM) 64-Bit Server VM (17.0.1+12-LTS-39) for windows-amd64 JRE (17.0.1+12-LTS-39), built on Sep 27 2021 18:41:35 by "mach5one" with MS VC++ 16.8 (VS2019)

END.
